ar: 正在创建 ../nondebug/libpmem/../libpmem.a
ar: 正在创建 ../debug/libpmem/../libpmem.a
ar: 正在创建 ../nondebug/libvmem/../libvmem.a
ar: 正在创建 ../debug/libvmem/../libvmem.a
ar: 正在创建 ../nondebug/libpmemblk/../libpmemblk.a
ar: 正在创建 ../debug/libpmemblk/../libpmemblk.a
ar: 正在创建 ../nondebug/libpmemlog/../libpmemlog.a
ar: 正在创建 ../debug/libpmemlog/../libpmemlog.a
ar: 正在创建 ../nondebug/libpmemobj/../libpmemobj.a
ar: 正在创建 ../debug/libpmemobj/../libpmemobj.a
ar: 正在创建 ../nondebug/libpmempool/../libpmempool.a
ar: 正在创建 ../debug/libpmempool/../libpmempool.a
ar: 正在创建 ../nondebug/libvmmalloc/../libvmmalloc.a
ar: 正在创建 ../debug/libvmmalloc/../libvmmalloc.a
ar: 正在创建 ../nondebug/common/../libpmemcommon.a
ar: 正在创建 ../debug/common/../libpmemcommon.a
ar: 正在创建 libctree_map.a
ar: 正在创建 libhashmap_tx.a
ar: 正在创建 librtree_map.a
ar: 正在创建 libhashmap_atomic.a
ar: 正在创建 libslab_allocator.a
ar: 正在创建 libskiplist_map.a
ar: 正在创建 libart.a
ar: 正在创建 libbtree_map.a
ar: 正在创建 libhashmap_rp.a
ar: 正在创建 librbtree_map.a
ar: 正在创建 libart.a
ar: 正在创建 libmap_btree.a
ar: 正在创建 libmap_skiplist.a
ar: 正在创建 libmap_rbtree.a
ar: 正在创建 libmap_ctree.a
ar: 正在创建 libmap_hashmap_atomic.a
ar: 正在创建 libmap_hashmap_tx.a
ar: 正在创建 libmap_rtree.a
ar: 正在创建 libmap_hashmap_rp.a
ar: 正在创建 libmap.a
